<?xml version="1.0" encoding="UTF-8"?>
<!-- Generated by org.testng.reporters.JUnitReportReporter -->
<testsuite hostname="BLRSFLT195" failures="0" tests="12" name="org.interior.UserPersonalFunctionalities" time="32.166" errors="0" timestamp="12 Nov 2022 13:53:02 GMT" skipped="8">
  <testcase classname="org.interior.UserPersonalFunctionalities" name="login1" time="5.114"/>
  <testcase classname="org.interior.UserPersonalFunctionalities" name="credentials" time="0.541"/>
  <testcase classname="org.interior.UserPersonalFunctionalities" name="goToMyAccount" time="10.004"/>
  <testcase classname="org.interior.UserPersonalFunctionalities" name="myOrders" time="16.507"/>
  <testcase classname="org.interior.UserPersonalFunctionalities" name="myProductReviews">
    <skipped/>
  </testcase> <!-- myProductReviews -->
  <testcase classname="org.interior.UserPersonalFunctionalities" name="logout">
    <skipped/>
  </testcase> <!-- logout -->
  <testcase classname="org.interior.UserPersonalFunctionalities" name="addressBook">
    <skipped/>
  </testcase> <!-- addressBook -->
  <testcase classname="org.interior.UserPersonalFunctionalities" name="newsLetterSubscription">
    <skipped/>
  </testcase> <!-- newsLetterSubscription -->
  <testcase classname="org.interior.UserPersonalFunctionalities" name="accountInformation">
    <skipped/>
  </testcase> <!-- accountInformation -->
  <testcase classname="org.interior.UserPersonalFunctionalities" name="storeCredit">
    <skipped/>
  </testcase> <!-- storeCredit -->
  <testcase classname="org.interior.UserPersonalFunctionalities" name="myWishList">
    <skipped/>
  </testcase> <!-- myWishList -->
  <testcase classname="org.interior.UserPersonalFunctionalities" name="dataPrivacy">
    <skipped/>
  </testcase> <!-- dataPrivacy -->
</testsuite> <!-- org.interior.UserPersonalFunctionalities -->
