<?xml version="1.0" encoding="UTF-8"?>
<!-- Generated by org.testng.reporters.JUnitReportReporter -->
<testsuite hostname="BLRSFLT195" failures="0" tests="6" name="org.interior.ProductPurchase" time="83.847" errors="0" timestamp="04 Dec 2022 14:35:45 GMT" skipped="5">
  <testcase classname="org.interior.ProductPurchase" name="productSelecting" time="83.847"/>
  <testcase classname="org.interior.ProductPurchase" name="CartWorks">
    <skipped/>
  </testcase> <!-- CartWorks -->
  <testcase classname="org.interior.ProductPurchase" name="checkout">
    <skipped/>
  </testcase> <!-- checkout -->
  <testcase classname="org.interior.ProductPurchase" name="login">
    <skipped/>
  </testcase> <!-- login -->
  <testcase classname="org.interior.ProductPurchase" name="paymentGateway">
    <skipped/>
  </testcase> <!-- paymentGateway -->
  <testcase classname="org.interior.ProductPurchase" name="checkoutPayment">
    <skipped/>
  </testcase> <!-- checkoutPayment -->
</testsuite> <!-- org.interior.ProductPurchase -->
