<?xml version="1.0" encoding="UTF-8"?>
<!-- Generated by org.testng.reporters.JUnitReportReporter -->
<testsuite hostname="BLRSFLT195" failures="0" tests="4" name="org.interior.CompareAndWishList" time="28.104" errors="0" timestamp="09 Nov 2022 07:39:02 GMT" skipped="1">
  <testcase classname="org.interior.CompareAndWishList" name="login" time="10.442"/>
  <testcase classname="org.interior.CompareAndWishList" name="productSelecting" time="13.363"/>
  <testcase classname="org.interior.CompareAndWishList" name="addToCompare" time="4.299"/>
  <testcase classname="org.interior.CompareAndWishList" name="wishList">
    <skipped/>
  </testcase> <!-- wishList -->
</testsuite> <!-- org.interior.CompareAndWishList -->
