<?xml version="1.0" encoding="UTF-8"?>
<!-- Generated by org.testng.reporters.JUnitReportReporter -->
<testsuite hostname="BLRSFLT195" failures="0" tests="4" name="org.interior.MultipleLogin" time="216.239" errors="0" timestamp="07 Nov 2022 09:16:09 GMT" skipped="0">
  <testcase classname="org.interior.MultipleLogin" name="credentials" time="45.265"/>
  <testcase classname="org.interior.MultipleLogin" name="credentials" time="46.331"/>
  <testcase classname="org.interior.MultipleLogin" name="credentials" time="48.200"/>
  <testcase classname="org.interior.MultipleLogin" name="credentials" time="76.443"/>
</testsuite> <!-- org.interior.MultipleLogin -->
