<?xml version="1.0" encoding="UTF-8"?>
<!-- Generated by org.testng.reporters.JUnitReportReporter -->
<testsuite hostname="BLRSFLT195" failures="0" tests="5" name="org.interior.LoginFunction" time="5.539" errors="0" timestamp="09 Nov 2022 09:23:28 GMT" skipped="3">
  <testcase classname="org.interior.LoginFunction" name="login1" time="5.082"/>
  <testcase classname="org.interior.LoginFunction" name="checking" time="0.457"/>
  <testcase classname="org.interior.LoginFunction" name="credentials">
    <skipped/>
  </testcase> <!-- credentials -->
  <testcase classname="org.interior.LoginFunction" name="withoutEmpty">
    <skipped/>
  </testcase> <!-- withoutEmpty -->
  <testcase classname="org.interior.LoginFunction" name="withoutRule">
    <skipped/>
  </testcase> <!-- withoutRule -->
</testsuite> <!-- org.interior.LoginFunction -->
