<?xml version="1.0" encoding="UTF-8"?>
<!-- Generated by org.testng.reporters.JUnitReportReporter -->
<testsuite hostname="BLRSFLT195" failures="0" tests="4" name="org.interior.Login" time="10.538" errors="0" timestamp="07 Nov 2022 09:00:12 GMT" skipped="2">
  <testcase classname="org.interior.Login" name="login1" time="5.064"/>
  <testcase classname="org.interior.Login" name="credentials" time="5.474"/>
  <testcase classname="org.interior.Login" name="withoutEmpty">
    <skipped/>
  </testcase> <!-- withoutEmpty -->
  <testcase classname="org.interior.Login" name="withoutRule">
    <skipped/>
  </testcase> <!-- withoutRule -->
</testsuite> <!-- org.interior.Login -->
